2021-03-24 20:09:29.223  INFO 18740 --- [restartedMain] com.star.MyblogApplication               : Starting MyblogApplication on PC-20180805SPSS with PID 18740 (C:\Users\Administrator\Downloads\myblog-mybatis-master\target\classes started by Administrator in C:\Users\Administrator\Downloads\myblog-mybatis-master)
2021-03-24 20:09:29.228  INFO 18740 --- [restartedMain] com.star.MyblogApplication               : The following profiles are active: pro
2021-03-24 20:09:31.786  INFO 18740 --- [restartedMain] com.star.MyblogApplication               : Started MyblogApplication in 2.929 seconds (JVM running for 3.573)
2021-03-24 20:34:44.716  INFO 18740 --- [http-nio-80-exec-1] com.star.aspect.LogAspect                : Request : {url='http://localhost/', ip='0:0:0:0:0:0:0:1', classMethod='com.star.controller.IndexController.index', args=[{}, 1, {}]}
2021-03-24 20:34:45.115  INFO 18740 --- [http-nio-80-exec-1] com.star.aspect.LogAspect                : Result : index
2021-03-24 20:34:45.527  INFO 18740 --- [http-nio-80-exec-5] com.star.aspect.LogAspect                : Request : {url='http://localhost/footer/blogmessage', ip='0:0:0:0:0:0:0:1', classMethod='com.star.controller.IndexController.blogMessage', args=[{}]}
2021-03-24 20:34:45.538  INFO 18740 --- [http-nio-80-exec-5] com.star.aspect.LogAspect                : Result : index :: blogMessage
2021-03-24 20:34:47.547  INFO 18740 --- [http-nio-80-exec-3] com.star.aspect.LogAspect                : Request : {url='http://localhost/blog/62', ip='0:0:0:0:0:0:0:1', classMethod='com.star.controller.IndexController.blog', args=[62, {}]}
2021-03-24 20:34:47.595  INFO 18740 --- [http-nio-80-exec-3] com.star.aspect.LogAspect                : Result : blog
2021-03-24 20:34:47.913  INFO 18740 --- [http-nio-80-exec-6] com.star.aspect.LogAspect                : Request : {url='http://localhost/footer/blogmessage', ip='0:0:0:0:0:0:0:1', classMethod='com.star.controller.IndexController.blogMessage', args=[{}]}
2021-03-24 20:34:47.917  INFO 18740 --- [http-nio-80-exec-6] com.star.aspect.LogAspect                : Result : index :: blogMessage
2021-03-24 20:34:54.785  INFO 18740 --- [http-nio-80-exec-7] com.star.aspect.LogAspect                : Request : {url='http://localhost/message', ip='0:0:0:0:0:0:0:1', classMethod='com.star.controller.MessageController.message', args=[]}
2021-03-24 20:34:54.787  INFO 18740 --- [http-nio-80-exec-7] com.star.aspect.LogAspect                : Result : message
2021-03-24 20:34:54.864  INFO 18740 --- [http-nio-80-exec-2] com.star.aspect.LogAspect                : Request : {url='http://localhost/footer/blogmessage', ip='0:0:0:0:0:0:0:1', classMethod='com.star.controller.IndexController.blogMessage', args=[{}]}
2021-03-24 20:34:54.867  INFO 18740 --- [http-nio-80-exec-2] com.star.aspect.LogAspect                : Result : index :: blogMessage
2021-03-24 20:34:54.881  INFO 18740 --- [http-nio-80-exec-3] com.star.aspect.LogAspect                : Request : {url='http://localhost/messagecomment', ip='0:0:0:0:0:0:0:1', classMethod='com.star.controller.MessageController.messages', args=[{}]}
2021-03-24 20:34:54.891  INFO 18740 --- [http-nio-80-exec-3] com.star.aspect.LogAspect                : Result : message::messageList
2021-03-24 20:35:10.277  INFO 18740 --- [http-nio-80-exec-4] com.star.aspect.LogAspect                : Request : {url='http://localhost/footer/blogmessage', ip='0:0:0:0:0:0:0:1', classMethod='com.star.controller.IndexController.blogMessage', args=[{}]}
2021-03-24 20:35:10.281  INFO 18740 --- [http-nio-80-exec-4] com.star.aspect.LogAspect                : Result : index :: blogMessage
2021-03-24 20:35:11.959  INFO 18740 --- [http-nio-80-exec-1] com.star.aspect.LogAspect                : Request : {url='http://localhost/footer/blogmessage', ip='0:0:0:0:0:0:0:1', classMethod='com.star.controller.IndexController.blogMessage', args=[{}]}
2021-03-24 20:35:11.963  INFO 18740 --- [http-nio-80-exec-1] com.star.aspect.LogAspect                : Result : index :: blogMessage
2021-03-24 20:35:12.380  INFO 18740 --- [http-nio-80-exec-10] com.star.aspect.LogAspect                : Request : {url='http://localhost/footer/blogmessage', ip='0:0:0:0:0:0:0:1', classMethod='com.star.controller.IndexController.blogMessage', args=[{}]}
2021-03-24 20:35:12.382  INFO 18740 --- [http-nio-80-exec-10] com.star.aspect.LogAspect                : Result : index :: blogMessage
2021-03-24 20:35:15.454  INFO 18740 --- [http-nio-80-exec-6] com.star.aspect.LogAspect                : Request : {url='http://localhost/', ip='0:0:0:0:0:0:0:1', classMethod='com.star.controller.IndexController.index', args=[{}, 1, {}]}
2021-03-24 20:35:15.458  INFO 18740 --- [http-nio-80-exec-6] com.star.aspect.LogAspect                : Result : index
2021-03-24 20:35:15.526  INFO 18740 --- [http-nio-80-exec-1] com.star.aspect.LogAspect                : Request : {url='http://localhost/footer/blogmessage', ip='0:0:0:0:0:0:0:1', classMethod='com.star.controller.IndexController.blogMessage', args=[{}]}
2021-03-24 20:35:15.535  INFO 18740 --- [http-nio-80-exec-1] com.star.aspect.LogAspect                : Result : index :: blogMessage
2021-03-24 20:35:17.559  INFO 18740 --- [http-nio-80-exec-8] com.star.aspect.LogAspect                : Request : {url='http://localhost/message', ip='0:0:0:0:0:0:0:1', classMethod='com.star.controller.MessageController.message', args=[]}
2021-03-24 20:35:17.559  INFO 18740 --- [http-nio-80-exec-8] com.star.aspect.LogAspect                : Result : message
2021-03-24 20:35:17.612  INFO 18740 --- [http-nio-80-exec-9] com.star.aspect.LogAspect                : Request : {url='http://localhost/footer/blogmessage', ip='0:0:0:0:0:0:0:1', classMethod='com.star.controller.IndexController.blogMessage', args=[{}]}
2021-03-24 20:35:17.615  INFO 18740 --- [http-nio-80-exec-9] com.star.aspect.LogAspect                : Result : index :: blogMessage
2021-03-24 20:35:17.628  INFO 18740 --- [http-nio-80-exec-7] com.star.aspect.LogAspect                : Request : {url='http://localhost/messagecomment', ip='0:0:0:0:0:0:0:1', classMethod='com.star.controller.MessageController.messages', args=[{}]}
2021-03-24 20:35:17.637  INFO 18740 --- [http-nio-80-exec-7] com.star.aspect.LogAspect                : Result : message::messageList
2021-03-24 20:35:22.430  INFO 18740 --- [http-nio-80-exec-1] com.star.aspect.LogAspect                : Request : {url='http://localhost/message', ip='0:0:0:0:0:0:0:1', classMethod='com.star.controller.MessageController.post', args=[Message{id=null, nickname='dasdsadas', email='3364879467@qq.com', content='hahahaha', avatar='null', createTime=null, parentMessageId=null, adminMessage=false, replyMessages=[], parentMessage=Message{id=-1, nickname='null', email='null', content='null', avatar='null', createTime=null, parentMessageId=null, adminMessage=false, replyMessages=[], parentMessage=null, parentNickname='null'}, parentNickname='null'}, org.apache.catalina.session.StandardSessionFacade@6e643c4c, {message=Message{id=null, nickname='dasdsadas', email='3364879467@qq.com', content='hahahaha', avatar='null', createTime=null, parentMessageId=null, adminMessage=false, replyMessages=[], parentMessage=Message{id=-1, nickname='null', email='null', content='null', avatar='null', createTime=null, parentMessageId=null, adminMessage=false, replyMessages=[], parentMessage=null, parentNickname='null'}, parentNickname='null'}, org.springframework.validation.BindingResult.message=org.springframework.validation.BeanPropertyBindingResult: 0 errors}]}
2021-03-24 20:35:22.442  INFO 18740 --- [http-nio-80-exec-1] com.star.aspect.LogAspect                : Result : message::messageList
